nachos 5.0j initializing... config interrupt timer user-check grader

 ***Testing Boats with only 2 children***
A child has forked.
A child has forked.
**Child rowing to Molokai.
**Child arrived on Molokai as a passenger.
**Child rowing to Oahu.
**Child rowing to Molokai.
Island Oahu: #Children = 0, #Adults = 0
Island Molokai: #Children = 2, #Adults = 0

 ***Testing Boats with 2 children, 1 adult***
An adult as forked.
A child has forked.
A child has forked.
**Child rowing to Molokai.
**Child arrived on Molokai as a passenger.
**Child rowing to Oahu.
**Adult rowing to Molokai.
**Child rowing to Oahu.
**Child rowing to Molokai.
**Child arrived on Molokai as a passenger.
**Child rowing to Oahu.
**Child rowing to Molokai.
Island Oahu: #Children = 0, #Adults = 0
Island Molokai: #Children = 2, #Adults = 1

 ***Testing Boats with 3 children, 3 adults***
A child has forked.
A child has forked.
**Child rowing to Molokai.
A child has forked.
A child has forked.
**Child arrived on Molokai as a passenger.
**Child rowing to Oahu.
A child has forked.
**Child rowing to Molokai.
**Child arrived on Molokai as a passenger.
**Child rowing to Oahu.
**Child rowing to Molokai.
**Child arrived on Molokai as a passenger.
**Child rowing to Oahu.
**Child rowing to Molokai.
**Child arrived on Molokai as a passenger.
**Child rowing to Oahu.
**Child rowing to Molokai.
Island Oahu: #Children = 0, #Adults = 0
Island Molokai: #Children = 5, #Adults = 0

 ***Testing Boats with 10 children, 10 adults***
An adult as forked.
An adult as forked.
An adult as forked.
An adult as forked.
An adult as forked.
An adult as forked.
An adult as forked.
An adult as forked.
An adult as forked.
An adult as forked.
A child has forked.
A child has forked.
**Child rowing to Molokai.
A child has forked.
A child has forked.
A child has forked.
A child has forked.
**Child arrived on Molokai as a passenger.
**Child rowing to Oahu.
A child has forked.
**Child rowing to Molokai.
A child has forked.
A child has forked.
A child has forked.
**Child arrived on Molokai as a passenger.
**Child rowing to Oahu.
**Child rowing to Molokai.
**Child arrived on Molokai as a passenger.
**Child rowing to Oahu.
**Child rowing to Molokai.
**Child arrived on Molokai as a passenger.
**Child rowing to Oahu.
**Child rowing to Molokai.
**Child arrived on Molokai as a passenger.
**Child rowing to Oahu.
**Child rowing to Molokai.
**Child arrived on Molokai as a passenger.
**Child rowing to Oahu.
**Child rowing to Molokai.
**Child arrived on Molokai as a passenger.
**Child rowing to Oahu.
**Child rowing to Molokai.
**Child arrived on Molokai as a passenger.
**Child rowing to Oahu.
**Child rowing to Molokai.
**Child arrived on Molokai as a passenger.
**Child rowing to Oahu.
**Adult rowing to Molokai.
**Child rowing to Oahu.
**Child rowing to Molokai.
**Child arrived on Molokai as a passenger.
**Child rowing to Oahu.
**Adult rowing to Molokai.
**Child rowing to Oahu.
**Child rowing to Molokai.
**Child arrived on Molokai as a passenger.
**Child rowing to Oahu.
**Adult rowing to Molokai.
**Child rowing to Oahu.
**Child rowing to Molokai.
**Child arrived on Molokai as a passenger.
**Child rowing to Oahu.
**Adult rowing to Molokai.
**Child rowing to Oahu.
**Child rowing to Molokai.
**Child arrived on Molokai as a passenger.
**Child rowing to Oahu.
**Adult rowing to Molokai.
**Child rowing to Oahu.
**Child rowing to Molokai.
**Child arrived on Molokai as a passenger.
**Child rowing to Oahu.
**Adult rowing to Molokai.
**Child rowing to Oahu.
**Child rowing to Molokai.
**Child arrived on Molokai as a passenger.
**Child rowing to Oahu.
**Adult rowing to Molokai.
**Child rowing to Oahu.
**Child rowing to Molokai.
**Child arrived on Molokai as a passenger.
**Child rowing to Oahu.
**Adult rowing to Molokai.
**Child rowing to Oahu.
**Child rowing to Molokai.
**Child arrived on Molokai as a passenger.
**Child rowing to Oahu.
**Adult rowing to Molokai.
**Child rowing to Oahu.
**Child rowing to Molokai.
**Child arrived on Molokai as a passenger.
**Child rowing to Oahu.
**Adult rowing to Molokai.
**Child rowing to Oahu.
**Child rowing to Molokai.
**Child arrived on Molokai as a passenger.
**Child rowing to Oahu.
**Child rowing to Molokai.
Island Oahu: #Children = 0, #Adults = 0
Island Molokai: #Children = 10, #Adults = 10
Machine halting!

Ticks: total 3320, kernel 3320, user 0
Disk I/O: reads 0, writes 0
Console I/O: reads 0, writes 0
Paging: page faults 0, TLB misses 0
Network I/O: received 0, sent 0
